Structs_Final/app/build/outputs/logs/manifest-merger-release-report.txt
-- Merging decision tree log ---
manifest
ADDED from src\main\AndroidManifest.xml:2:1-78:12
	package
		ADDED from src\main\AndroidManifest.xml:3:5-40
		INJECTED from src\main\AndroidManifest.xml
		INJECTED from src\main\AndroidManifest.xml
	android:versionName
		INJECTED from src\main\AndroidManifest.xml
		INJECTED from src\main\AndroidManifest.xml
	xmlns:android
		ADDED from src\main\AndroidManifest.xml:2:11-69
	android:versionCode
		INJECTED from src\main\AndroidManifest.xml
		INJECTED from src\main\AndroidManifest.xml
application
ADDED from src\main\AndroidManifest.xml:5:5-76:19
MERGED from [com.android.support:appcompat-v7:23.1.1] AndroidManifest.xml:22:5-20
MERGED from [com.android.support:support-v4:23.1.1] AndroidManifest.xml:22:5-20
MERGED from [com.android.support:design:23.1.1] AndroidManifest.xml:22:5-20
MERGED from [com.android.support:appcompat-v7:23.1.1] AndroidManifest.xml:22:5-20
MERGED from [com.android.support:support-v4:23.1.1] AndroidManifest.xml:22:5-20
MERGED from [com.android.support:support-v4:23.1.1] AndroidManifest.xml:22:5-20
MERGED from [com.android.support:support-v4:23.1.1] AndroidManifest.xml:22:5-20
	android:label
		ADDED from src\main\AndroidManifest.xml:8:9-41
	android:supportsRtl
		ADDED from src\main\AndroidManifest.xml:9:9-35
	android:allowBackup
		ADDED from src\main\AndroidManifest.xml:6:9-35
	android:icon
		ADDED from src\main\AndroidManifest.xml:7:9-45
	android:theme
		ADDED from src\main\AndroidManifest.xml:10:9-40
activity#mx.edu.utng.structs_final.model.LoginActivity
ADDED from src\main\AndroidManifest.xml:12:9-17:20
	android:name
		ADDED from src\main\AndroidManifest.xml:12:19-54
intent-filter#android.intent.action.MAIN+android.intent.category.LAUNCHER
ADDED from src\main\AndroidManifest.xml:13:13-16:29
action#android.intent.action.MAIN
ADDED from src\main\AndroidManifest.xml:14:17-76
	android:name
		ADDED from src\main\AndroidManifest.xml:14:25-66
category#android.intent.category.LAUNCHER
ADDED from src\main\AndroidManifest.xml:15:17-86
	android:name
		ADDED from src\main\AndroidManifest.xml:15:27-74
activity#mx.edu.utng.structs_final.model.MainActivity
ADDED from src\main\AndroidManifest.xml:19:9-109
	android:theme
		ADDED from src\main\AndroidManifest.xml:19:54-97
	android:name
		ADDED from src\main\AndroidManifest.xml:19:19-53
activity#mx.edu.utng.structs_final.model.AcercaDeActivity
ADDED from src\main\AndroidManifest.xml:20:9-69
	android:name
		ADDED from src\main\AndroidManifest.xml:20:19-57
activity#mx.edu.utng.structs_final.model.RegistrarActivity
ADDED from src\main\AndroidManifest.xml:21:9-70
	android:name
		ADDED from src\main\AndroidManifest.xml:21:19-58
activity#mx.edu.utng.structs_final.model.SeleccionActivity
ADDED from src\main\AndroidManifest.xml:22:9-70
	android:name
		ADDED from src\main\AndroidManifest.xml:22:19-58
activity#mx.edu.utng.structs_final.model.ListViewActivity
ADDED from src\main\AndroidManifest.xml:23:9-69
	android:name
		ADDED from src\main\AndroidManifest.xml:23:19-57
activity#mx.edu.utng.structs_final.model.QuizActivityDos
ADDED from src\main\AndroidManifest.xml:24:9-68
	android:name
		ADDED from src\main\AndroidManifest.xml:24:19-56
activity#mx.edu.utng.structs_final.model.ResultadoActivity
ADDED from src\main\AndroidManifest.xml:25:9-70
	android:name
		ADDED from src\main\AndroidManifest.xml:25:19-58
activity#mx.edu.utng.structs_final.model.MusicaActivity
ADDED from src\main\AndroidManifest.xml:26:9-67
	android:name
		ADDED from src\main\AndroidManifest.xml:26:19-55
activity#mx.edu.utng.structs_final.VideoActivity
ADDED from src\main\AndroidManifest.xml:31:9-60
	android:name
		ADDED from src\main\AndroidManifest.xml:31:19-48
activity#mx.edu.utng.structs_final.SettingsActivity
ADDED from src\main\AndroidManifest.xml:32:9-63
	android:name
		ADDED from src\main\AndroidManifest.xml:32:19-51
activity#mx.edu.utng.structs_final.practicas.QuizActivityPracticas
ADDED from src\main\AndroidManifest.xml:33:9-78
	android:name
		ADDED from src\main\AndroidManifest.xml:33:19-66
activity#mx.edu.utng.structs_final.practicas.ResultadoActivityPracticas
ADDED from src\main\AndroidManifest.xml:34:9-83
	android:name
		ADDED from src\main\AndroidManifest.xml:34:19-71
activity#mx.edu.utng.structs_final.questions.QuestionUnoActivity
ADDED from src\main\AndroidManifest.xml:39:9-76
	android:name
		ADDED from src\main\AndroidManifest.xml:39:19-64
activity#mx.edu.utng.structs_final.questions.QuestionDosActivity
ADDED from src\main\AndroidManifest.xml:40:9-76
	android:name
		ADDED from src\main\AndroidManifest.xml:40:19-64
activity#mx.edu.utng.structs_final.questions.QuestionTresActivity
ADDED from src\main\AndroidManifest.xml:41:9-77
	android:name
		ADDED from src\main\AndroidManifest.xml:41:19-65
activity#mx.edu.utng.structs_final.questions.QuestionCuatroActivity
ADDED from src\main\AndroidManifest.xml:42:9-79
	android:name
		ADDED from src\main\AndroidManifest.xml:42:19-67
activity#mx.edu.utng.structs_final.questions.QuestionCincoActivity
ADDED from src\main\AndroidManifest.xml:43:9-78
	android:name
		ADDED from src\main\AndroidManifest.xml:43:19-66
activity#mx.edu.utng.structs_final.questions.QuestionSeisActivity
ADDED from src\main\AndroidManifest.xml:44:9-77
	android:name
		ADDED from src\main\AndroidManifest.xml:44:19-65
activity#mx.edu.utng.structs_final.questions.ResultActivity
ADDED from src\main\AndroidManifest.xml:45:9-71
	android:name
		ADDED from src\main\AndroidManifest.xml:45:19-59
activity#mx.edu.utng.structs_final.questions.ResultDosActivity
ADDED from src\main\AndroidManifest.xml:46:9-74
	android:name
		ADDED from src\main\AndroidManifest.xml:46:19-62
activity#mx.edu.utng.structs_final.questions.ResultTresActivity
ADDED from src\main\AndroidManifest.xml:47:9-75
	android:name
		ADDED from src\main\AndroidManifest.xml:47:19-63
activity#mx.edu.utng.structs_final.questions.ResultCuatroActivity
ADDED from src\main\AndroidManifest.xml:48:9-77
	android:name
		ADDED from src\main\AndroidManifest.xml:48:19-65
activity#mx.edu.utng.structs_final.questions.ResultCincoActivity
ADDED from src\main\AndroidManifest.xml:49:9-76
	android:name
		ADDED from src\main\AndroidManifest.xml:49:19-64
activity#mx.edu.utng.structs_final.questions.ResultSeisActivity
ADDED from src\main\AndroidManifest.xml:50:9-75
	android:name
		ADDED from src\main\AndroidManifest.xml:50:19-63
activity#mx.edu.utng.structs_final.grafica.GraphAChartEngineActivity
ADDED from src\main\AndroidManifest.xml:54:9-80
	android:name
		ADDED from src\main\AndroidManifest.xml:54:19-68
activity#org.achartengine.GraphicalActivity
ADDED from src\main\AndroidManifest.xml:56:9-71
	android:name
		ADDED from src\main\AndroidManifest.xml:56:19-68
activity#mx.edu.utng.structs_final.juego.Manager
ADDED from src\main\AndroidManifest.xml:62:9-50
	android:name
		ADDED from src\main\AndroidManifest.xml:62:19-48
activity#mx.edu.utng.structs_final.correo.EmailActivity
ADDED from src\main\AndroidManifest.xml:63:9-57
	android:name
		ADDED from src\main\AndroidManifest.xml:63:19-55
uses-sdk
INJECTED from src\main\AndroidManifest.xml reason: use-sdk injection requested
MERGED from [com.android.support:appcompat-v7:23.1.1] AndroidManifest.xml:20:5-43
MERGED from [com.android.support:support-v4:23.1.1] AndroidManifest.xml:20:5-43
MERGED from [com.android.support:design:23.1.1] AndroidManifest.xml:20:5-43
MERGED from [com.android.support:appcompat-v7:23.1.1] AndroidManifest.xml:20:5-43
MERGED from [com.android.support:support-v4:23.1.1] AndroidManifest.xml:20:5-43
MERGED from [com.android.support:recyclerview-v7:23.1.1] AndroidManifest.xml:20:5-43
MERGED from [com.android.support:support-v4:23.1.1] AndroidManifest.xml:20:5-43
MERGED from [com.android.support:support-v4:23.1.1] AndroidManifest.xml:20:5-43
	android:targetSdkVersion
		INJECTED from src\main\AndroidManifest.xml
		INJECTED from src\main\AndroidManifest.xml
	android:minSdkVersion
		INJECTED from src\main\AndroidManifest.xml
		INJECTED from src\main\AndroidManifest.xml